# project  configured on Sat Feb 28 18:50:44 2015 by
# waf 1.7.11 (abi 98, python 20703f0 on linux2)
# using /home/bm/Documents/pebble-dev/PebbleSDK-3.0-dp1/Pebble/waf configure build
#
----------------------------------------
Setting top to
/home/bm/Documents/Hungry
----------------------------------------
Setting out to
/home/bm/Documents/Hungry/build
----------------------------------------
Found Pebble SDK for aplite in:
/home/bm/Documents/pebble-dev/PebbleSDK-3.0-dp1/Pebble/aplite
----------------------------------------
Checking for program gcc,cc
arm-none-eabi-gcc
find program=['gcc', 'cc'] paths='' var='CC' -> 'arm-none-eabi-gcc'
----------------------------------------
Checking for program ar
arm-none-eabi-ar
find program=['ar'] paths='' var='AR' -> 'arm-none-eabi-ar'
----------------------------------------
Found Pebble SDK for basalt in:
/home/bm/Documents/pebble-dev/PebbleSDK-3.0-dp1/Pebble/basalt
----------------------------------------
Checking for program gcc,cc
arm-none-eabi-gcc
find program=['gcc', 'cc'] paths='' var='CC' -> 'arm-none-eabi-gcc'
----------------------------------------
Checking for program ar
arm-none-eabi-ar
find program=['ar'] paths='' var='AR' -> 'arm-none-eabi-ar'
